<?xml version="1.0" encoding="UTF-8"?>
<!-- Generated by org.testng.reporters.JUnitReportReporter -->
<testsuite skipped="0" hostname="W106JQW6S2" name="com.qa.api.challenge.tests.TestClass" tests="5" failures="0" timestamp="21 Nov 2021 17:13:28 GMT" time="6.755" errors="0">
  <testcase name="test_currencylist_api_response_is_200_Ok" time="3.141" classname="com.qa.api.challenge.tests.TestClass"/>
  <testcase name="test_currencylist_api_returns_valid_response" time="0.893" classname="com.qa.api.challenge.tests.TestClass"/>
  <testcase name="test_currencylist_api_base_node" time="1.208" classname="com.qa.api.challenge.tests.TestClass"/>
  <testcase name="test_currencylist_api_USDollar_equivalent" time="0.764" classname="com.qa.api.challenge.tests.TestClass"/>
  <testcase name="test_currencylist_api_response_headers" time="0.749" classname="com.qa.api.challenge.tests.TestClass"/>
</testsuite> <!-- com.qa.api.challenge.tests.TestClass -->
