<?xml version="1.0" encoding="UTF-8"?>
<!-- Generated by org.testng.reporters.JUnitReportReporter -->
<testsuite skipped="0" hostname="W106JQW6S2" name="com.qa.api.challenge.tests.HotelSearchAsyncTest" tests="8" failures="0" timestamp="21 Nov 2021 22:00:49 GMT" time="18.270" errors="0">
  <testcase name="test_search_async_with_placeId" time="5.467" classname="com.qa.api.challenge.tests.HotelSearchAsyncTest"/>
  <testcase name="test_search_async_with_query" time="2.862" classname="com.qa.api.challenge.tests.HotelSearchAsyncTest"/>
  <testcase name="test_search_async_with_placeId_withMultipleRooms" time="2.658" classname="com.qa.api.challenge.tests.HotelSearchAsyncTest"/>
  <testcase name="test_search_async_with_placeId_withMax_8_Adult_0_Kids" time="2.065" classname="com.qa.api.challenge.tests.HotelSearchAsyncTest"/>
  <testcase name="test_search_async_with_placeId_with_1_Adult_Max_7_Kids" time="2.117" classname="com.qa.api.challenge.tests.HotelSearchAsyncTest"/>
  <testcase name="test_search_async_returns_error_when_placeId_blank" time="0.873" classname="com.qa.api.challenge.tests.HotelSearchAsyncTest"/>
  <testcase name="test_search_async_returns_error_when_AdultCount_is_zero" time="0.846" classname="com.qa.api.challenge.tests.HotelSearchAsyncTest"/>
  <testcase name="test_search_async_returns_error_when_placeId_and_query_both_not_present" time="1.382" classname="com.qa.api.challenge.tests.HotelSearchAsyncTest"/>
</testsuite> <!-- com.qa.api.challenge.tests.HotelSearchAsyncTest -->
