<?xml version="1.0" encoding="UTF-8"?>
<!-- Generated by org.testng.reporters.JUnitReportReporter -->
<testsuite skipped="0" hostname="W106JQW6S2" name="com.qa.api.challenge.tests.CurrencyListApiTest" tests="5" failures="0" timestamp="21 Nov 2021 22:00:49 GMT" time="3.395" errors="0">
  <testcase name="test_currencylist_api_response_is_200_Ok" time="0.647" classname="com.qa.api.challenge.tests.CurrencyListApiTest"/>
  <testcase name="test_currencylist_api_response_headers" time="0.671" classname="com.qa.api.challenge.tests.CurrencyListApiTest"/>
  <testcase name="test_currencylist_api_returns_valid_response" time="0.700" classname="com.qa.api.challenge.tests.CurrencyListApiTest"/>
  <testcase name="test_currencylist_api_base_node" time="0.707" classname="com.qa.api.challenge.tests.CurrencyListApiTest"/>
  <testcase name="test_currencylist_api_USDollar_equivalent" time="0.670" classname="com.qa.api.challenge.tests.CurrencyListApiTest"/>
</testsuite> <!-- com.qa.api.challenge.tests.CurrencyListApiTest -->
